  pch.cpp
  UnitTest1012.cpp
C:\АП\Лаби АП\lab 10.1 b\lab 10.1 b.cpp(35,17): warning C4566: character represented by universal-character-name '\u0424' cannot be represented in the current code page (1252)
  (compiling source file '/UnitTest1012.cpp')
  
C:\АП\Лаби АП\lab 10.1 b\lab 10.1 b.cpp(62,13): warning C4566: character represented by universal-character-name '\u2116' cannot be represented in the current code page (1252)
  (compiling source file '/UnitTest1012.cpp')
  
C:\АП\Лаби АП\UnitTest1012\UnitTest1012.cpp(7,11): error C2870: 'UnitTest1012': a namespace definition must appear either at file scope or immediately within another namespace definition
  (compiling source file '/UnitTest1012.cpp')
  
C:\АП\Лаби АП\lab 10.1 b\lab 10.1 b.cpp(60,53): error C1075: '{': no matching token found
  (compiling source file '/UnitTest1012.cpp')
  
